<?xml version="1.0" encoding="UTF-8"?>
<!-- Generated by org.testng.reporters.JUnitReportReporter -->
<testsuite hostname="LAPTOP-1DIDG0MJ" failures="0" tests="1" name="e_commerce.Ajiotest" time="13.921" errors="0" timestamp="2024-09-26T23:02:14 IST" skipped="0">
  <testcase classname="e_commerce.Ajiotest" name="f" time="13.921"/>
  <system-out>
    <![CDATA[Opening Ajio]]>
  </system-out>
</testsuite> <!-- e_commerce.Ajiotest -->
